<?xml version="1.0" encoding="UTF-8"?>
<!-- Generated by org.testng.reporters.JUnitReportReporter -->
<testsuite hostname="LAPTOP-EU47CCB9" failures="0" tests="1" name="testCases.TC002_LoginTest" time="2.030" errors="0" timestamp="2024-12-04T10:16:01 IST" skipped="0">
  <testcase classname="testCases.TC002_LoginTest" name="verify_login" time="2.030"/>
</testsuite> <!-- testCases.TC002_LoginTest -->
